2022-11-19 17:18:23.146 | INFO     | src.jacques.core.rule_synthesizer:from_example:34 - Generated rule: <class 'src.jacques.core.rule.Rule'>
	load from <ARG0> as csv_with_header
	spark.read.format('csv').option('header', True).load(<ARG0>)
2022-11-19 17:18:23.187 | INFO     | src.jacques.core.rule_synthesizer:from_example:34 - Generated rule: <class 'src.jacques.core.rule.Rule'>
	create dataframe from <ARG0> with header <LST0>
	spark.createDataFrame(<ARG0>, schema=<LST0>)
2022-11-19 17:18:23.358 | INFO     | src.jacques.core.rule_synthesizer:from_example:34 - Generated rule: <class 'src.jacques.core.rule.Rule'>
	on data
	sum('Confirmed')
2022-11-19 17:18:23.362 | INFO     | src.jacques.core.rule_synthesizer:from_example:34 - Generated rule: <class 'src.jacques.core.rule.Rule'>
	apply sum on 'Confirmed' as <ARG0>
	<PIPE>.alias(<ARG0>)
2022-11-19 17:18:23.366 | INFO     | src.jacques.core.rule_synthesizer:from_example:34 - Generated rule: <class 'src.jacques.core.rule.Rule'>
	head 10
	data.agg(<PIPE>)
2022-11-19 17:18:23.372 | INFO     | src.jacques.core.rule_synthesizer:from_example:34 - Generated rule: <class 'src.jacques.core.rule.Rule'>
	append column <OPR0> as <ARG0>
	<PIPE>.withColumn(<ARG0>, <OPR0>)
2022-11-19 17:18:23.377 | INFO     | src.jacques.core.rule_synthesizer:from_example:34 - Generated rule: <class 'src.jacques.core.rule.Rule'>
	apply <ARG0> on <ARG1> as <ARG2>
	<PIPE>.agg(<ARG0>(<ARG1>).alias(<ARG2>))
2022-11-19 17:18:23.381 | INFO     | src.jacques.core.rule_synthesizer:from_example:34 - Generated rule: <class 'src.jacques.core.rule.Rule'>
	count
	<PIPE>.count()
2022-11-19 17:18:23.388 | INFO     | src.jacques.core.rule_synthesizer:from_example:34 - Generated rule: <class 'src.jacques.core.rule.Rule'>
	show
	<PIPE>.show(10)
2022-11-19 17:18:23.402 | ERROR    | src.jacques.core.jacques:_register_rule:130 - Syntax error in rule: <class 'src.jacques.core.rule.Rule'>
	apply sum on 'Confirmed' as <ARG0>
	<PIPE>.alias(<ARG0>), skipping
2022-11-19 17:18:23.453 | INFO     | src.jacques.core.rule_synthesizer:from_example:34 - Generated rule: <class 'src.jacques.core.rule.Rule'>
	on <ARG0>
	<ARG0>
2022-11-19 17:18:23.458 | INFO     | src.jacques.core.rule_synthesizer:from_example:34 - Generated rule: <class 'src.jacques.core.rule.Rule'>
	group by <LST0>
	<PIPE>.groupBy(<LST0>)
2022-11-19 17:18:23.463 | INFO     | src.jacques.core.rule_synthesizer:from_example:34 - Generated rule: <class 'src.jacques.core.rule.Rule'>
	rename columns <ARG0> to <ARG1>
	<PIPE>.withColumnRenamed(<ARG0>, <ARG1>)
2022-11-19 17:18:23.471 | INFO     | src.jacques.core.rule_synthesizer:from_example:34 - Generated rule: <class 'src.jacques.core.rule.Rule'>
	sort by <LST0> descending
	<PIPE>.sort(<LST0>, ascending=[False])
2022-11-19 17:18:23.478 | INFO     | src.jacques.core.rule_synthesizer:from_example:34 - Generated rule: <class 'src.jacques.core.rule.Rule'>
	select rows <OPR0>
	<PIPE>.filter(<OPR0>)
2022-11-19 17:18:23.486 | INFO     | src.jacques.core.rule_synthesizer:from_example:34 - Generated rule: <class 'src.jacques.core.rule.Rule'>
	select columns <LST0>
	<PIPE>.select(<LST0>)
2022-11-19 17:18:23.492 | INFO     | src.jacques.core.rule_synthesizer:from_example:34 - Generated rule: <class 'src.jacques.core.rule.Rule'>
	describe
	<PIPE>.describe()
2022-11-19 17:18:23.565 | INFO     | src.jacques.core.rule_synthesizer:from_example:34 - Generated rule: <class 'src.jacques.core.rule.Rule'>
	drop columns <LST0>
	<PIPE>.drop(<LST0>)
2022-11-19 17:18:23.571 | INFO     | src.jacques.core.rule_synthesizer:from_example:34 - Generated rule: <class 'src.jacques.core.rule.Rule'>
	join <ARG0> <ARG1> on <LST0>
	<PIPE>.join(<ARG1>, on=<LST0>, how=<ARG0>)
2022-11-19 17:18:23.575 | INFO     | src.jacques.core.rule_synthesizer:from_example:34 - Generated rule: <class 'src.jacques.core.rule.Rule'>
	replace <ARG0> with <ARG1>
	<PIPE>.replace(<ARG0>, <ARG1>)
2022-11-19 17:18:23.579 | INFO     | src.jacques.core.rule_synthesizer:from_example:34 - Generated rule: <class 'src.jacques.core.rule.Rule'>
	show schema
	<PIPE>.printSchema()
2022-11-19 17:18:23.736 | INFO     | src.jacques.core.rule_synthesizer:from_example:34 - Generated rule: <class 'src.jacques.core.rule.Rule'>
	drop duplicates
	<PIPE>.dropDuplicates()
2022-11-19 17:18:23.748 | INFO     | src.jacques.core.rule_synthesizer:from_example:34 - Generated rule: <class 'src.jacques.core.rule.Rule'>
	union <ARG0>
	<PIPE>.unionByName(<ARG0>)
2022-11-19 17:18:23.757 | INFO     | src.jacques.core.rule_synthesizer:from_example:34 - Generated rule: <class 'src.jacques.core.rule.Rule'>
	show
	<PIPE>.show()
2022-11-19 17:18:23.766 | ERROR    | src.jacques.core.jacques:_add_to_ruleset:116 - 'NoneType' object is not subscriptable
2022-11-19 17:18:23.841 | INFO     | src.jacques.core.rule_synthesizer:from_example:34 - Generated rule: <class 'src.jacques.core.rule.Rule'>
	intersection <ARG0>
	<PIPE>.intersect(<ARG0>)
2022-11-19 17:18:23.848 | INFO     | src.jacques.core.rule_synthesizer:from_example:34 - Generated rule: <class 'src.jacques.core.rule.Rule'>
	save to <ARG0> as <ARG1>
	<PIPE>.write.format(<ARG1>).save(<ARG0>)
2022-11-19 17:18:23.926 | INFO     | src.jacques.core.rule_synthesizer:from_example:34 - Generated rule: <class 'src.jacques.core.rule.Rule'>
	difference <ARG0>
	<PIPE>.subtract(<ARG0>)
2022-11-19 17:18:24.037 | INFO     | src.jacques.core.rule_synthesizer:from_example:34 - Generated rule: <class 'src.jacques.core.rule.Rule'>
	head <ARG0>
	<PIPE>.head(<ARG0>)
2022-11-19 17:18:24.114 | INFO     | src.jacques.core.rule_synthesizer:from_example:34 - Generated rule: <class 'src.jacques.core.rule.Rule'>
	sort by <LST0> ascending
	<PIPE>.sort(<LST0>, ascending=[True])
2022-11-19 17:18:24.119 | INFO     | src.jacques.core.jacques:_add_to_ruleset:110 - Conditional rule: <class 'src.jacques.core.rule.ConditionalRule'>
	sort by <LST0> <CHO0>
	<PIPE>.sort(<LST0>, ascending=[False])
	<PIPE>.sort(<LST0>, ascending=[True])
2022-11-19 17:18:24.214 | INFO     | src.jacques.core.rule_synthesizer:from_example:34 - Generated rule: <class 'src.jacques.core.rule.Rule'>
	show
	<PIPE>.show(10)
2022-11-19 17:18:24.217 | ERROR    | src.jacques.core.jacques:_add_to_ruleset:116 - 'NoneType' object is not subscriptable
2022-11-19 17:18:24.465 | INFO     | src.jacques.core.jacques:process_all_examples:170 - 27 rules generated.
2022-11-19 17:18:24.466 | INFO     | src.jacques.core.jacques:process_all_examples:171 - Examples not exhausted: 0
2022-11-19 17:18:24.466 | INFO     | src.jacques.core.jacques:process_all_examples:174 - Excepted due to parsing errors: 0
2022-11-19 17:18:24.467 | INFO     | src.jacques.core.jacques:process_all_examples:177 - Rules:
2022-11-19 17:18:24.468 | INFO     | src.jacques.core.jacques:process_all_examples:179 - <class 'src.jacques.core.rule.Rule'>
	load from <ARG0> as csv_with_header
	spark.read.format('csv').option('header', True).load(<ARG0>)
2022-11-19 17:18:24.469 | INFO     | src.jacques.core.jacques:process_all_examples:179 - <class 'src.jacques.core.rule.Rule'>
	create dataframe from <ARG0> with header <LST0>
	spark.createDataFrame(<ARG0>, schema=<LST0>)
2022-11-19 17:18:24.470 | INFO     | src.jacques.core.jacques:process_all_examples:179 - <class 'src.jacques.core.rule.Rule'>
	on data
	sum('Confirmed')
2022-11-19 17:18:24.470 | INFO     | src.jacques.core.jacques:process_all_examples:179 - <class 'src.jacques.core.rule.Rule'>
	apply sum on 'Confirmed' as <ARG0>
	<PIPE>.alias(<ARG0>)
2022-11-19 17:18:24.472 | INFO     | src.jacques.core.jacques:process_all_examples:179 - <class 'src.jacques.core.rule.Rule'>
	head 10
	data.agg(<PIPE>)
2022-11-19 17:18:24.473 | INFO     | src.jacques.core.jacques:process_all_examples:179 - <class 'src.jacques.core.rule.Rule'>
	append column <OPR0> as <ARG0>
	<PIPE>.withColumn(<ARG0>, <OPR0>)
2022-11-19 17:18:24.474 | INFO     | src.jacques.core.jacques:process_all_examples:179 - <class 'src.jacques.core.rule.Rule'>
	apply <ARG0> on <ARG1> as <ARG2>
	<PIPE>.agg(<ARG0>(<ARG1>).alias(<ARG2>))
2022-11-19 17:18:24.475 | INFO     | src.jacques.core.jacques:process_all_examples:179 - <class 'src.jacques.core.rule.Rule'>
	count
	<PIPE>.count()
2022-11-19 17:18:24.475 | INFO     | src.jacques.core.jacques:process_all_examples:179 - <class 'src.jacques.core.rule.Rule'>
	show
	<PIPE>.show()
2022-11-19 17:18:24.476 | INFO     | src.jacques.core.jacques:process_all_examples:179 - <class 'src.jacques.core.rule.Rule'>
	on <ARG0>
	<ARG0>
2022-11-19 17:18:24.478 | INFO     | src.jacques.core.jacques:process_all_examples:179 - <class 'src.jacques.core.rule.Rule'>
	group by <LST0>
	<PIPE>.groupBy(<LST0>)
2022-11-19 17:18:24.479 | INFO     | src.jacques.core.jacques:process_all_examples:179 - <class 'src.jacques.core.rule.Rule'>
	rename columns <ARG0> to <ARG1>
	<PIPE>.withColumnRenamed(<ARG0>, <ARG1>)
2022-11-19 17:18:24.480 | INFO     | src.jacques.core.jacques:process_all_examples:179 - <class 'src.jacques.core.rule.ConditionalRule'>
	sort by <LST0> <CHO0>
	<PIPE>.sort(<LST0>, ascending=[False])
	<PIPE>.sort(<LST0>, ascending=[True])
2022-11-19 17:18:24.482 | INFO     | src.jacques.core.jacques:process_all_examples:179 - <class 'src.jacques.core.rule.Rule'>
	select rows <OPR0>
	<PIPE>.filter(<OPR0>)
2022-11-19 17:18:24.483 | INFO     | src.jacques.core.jacques:process_all_examples:179 - <class 'src.jacques.core.rule.Rule'>
	select columns <LST0>
	<PIPE>.select(<LST0>)
2022-11-19 17:18:24.484 | INFO     | src.jacques.core.jacques:process_all_examples:179 - <class 'src.jacques.core.rule.Rule'>
	describe
	<PIPE>.describe()
2022-11-19 17:18:24.485 | INFO     | src.jacques.core.jacques:process_all_examples:179 - <class 'src.jacques.core.rule.Rule'>
	drop columns <LST0>
	<PIPE>.drop(<LST0>)
2022-11-19 17:18:24.486 | INFO     | src.jacques.core.jacques:process_all_examples:179 - <class 'src.jacques.core.rule.Rule'>
	join <ARG0> <ARG1> on <LST0>
	<PIPE>.join(<ARG1>, on=<LST0>, how=<ARG0>)
2022-11-19 17:18:24.487 | INFO     | src.jacques.core.jacques:process_all_examples:179 - <class 'src.jacques.core.rule.Rule'>
	replace <ARG0> with <ARG1>
	<PIPE>.replace(<ARG0>, <ARG1>)
2022-11-19 17:18:24.488 | INFO     | src.jacques.core.jacques:process_all_examples:179 - <class 'src.jacques.core.rule.Rule'>
	show schema
	<PIPE>.printSchema()
2022-11-19 17:18:24.489 | INFO     | src.jacques.core.jacques:process_all_examples:179 - <class 'src.jacques.core.rule.Rule'>
	drop duplicates
	<PIPE>.dropDuplicates()
2022-11-19 17:18:24.490 | INFO     | src.jacques.core.jacques:process_all_examples:179 - <class 'src.jacques.core.rule.Rule'>
	union <ARG0>
	<PIPE>.unionByName(<ARG0>)
2022-11-19 17:18:24.491 | INFO     | src.jacques.core.jacques:process_all_examples:179 - <class 'src.jacques.core.rule.Rule'>
	intersection <ARG0>
	<PIPE>.intersect(<ARG0>)
2022-11-19 17:18:24.492 | INFO     | src.jacques.core.jacques:process_all_examples:179 - <class 'src.jacques.core.rule.Rule'>
	save to <ARG0> as <ARG1>
	<PIPE>.write.format(<ARG1>).save(<ARG0>)
2022-11-19 17:18:24.493 | INFO     | src.jacques.core.jacques:process_all_examples:179 - <class 'src.jacques.core.rule.Rule'>
	difference <ARG0>
	<PIPE>.subtract(<ARG0>)
2022-11-19 17:18:24.494 | INFO     | src.jacques.core.jacques:process_all_examples:179 - <class 'src.jacques.core.rule.Rule'>
	head <ARG0>
	<PIPE>.head(<ARG0>)
2022-11-19 17:18:24.496 | INFO     | src.jacques.core.jacques:process_all_examples:179 - <class 'src.jacques.core.rule.Rule'>
	show
	<PIPE>.show(10)
2022-11-19 17:18:24.498 | INFO     | __main__:<module>:57 - Expected 2 options for rule 'save to', but it is not ConditionalRule
2022-11-19 17:18:24.501 | INFO     | __main__:<module>:57 - Expected 2 options for rule 'join', but it is not ConditionalRule
2022-11-19 17:18:24.503 | INFO     | __main__:<module>:57 - Expected 4 options for rule 'apply', but it is not ConditionalRule
