2022-11-19 14:48:02.490 | INFO     | src.jacques.core.rule_synthesizer:from_example:34 - Generated rule: <class 'src.jacques.core.rule.Rule'>
	sort by <LST0> descending
	<PIPE>.sort(<LST0>, ascending=[False])
2022-11-19 14:48:02.527 | INFO     | src.jacques.core.rule_synthesizer:from_example:34 - Generated rule: <class 'src.jacques.core.rule.Rule'>
	on <ARG0>
	<ARG0>
2022-11-19 14:48:02.530 | INFO     | src.jacques.core.rule_synthesizer:from_example:34 - Generated rule: <class 'src.jacques.core.rule.Rule'>
	select columns <LST0>
	<PIPE>.select(<LST0>)
2022-11-19 14:48:02.534 | INFO     | src.jacques.core.rule_synthesizer:from_example:34 - Generated rule: <class 'src.jacques.core.rule.Rule'>
	select rows <OPR0>
	<PIPE>.filter(<OPR0>)
2022-11-19 14:48:02.559 | INFO     | src.jacques.core.rule_synthesizer:from_example:34 - Generated rule: <class 'src.jacques.core.rule.Rule'>
	join <ARG0> <ARG1> on <LST0>
	<PIPE>.join(<ARG1>, on=<LST0>, how=<ARG0>)
2022-11-19 14:48:02.562 | INFO     | src.jacques.core.rule_synthesizer:from_example:34 - Generated rule: <class 'src.jacques.core.rule.Rule'>
	count
	<PIPE>.count()
2022-11-19 14:48:02.602 | INFO     | src.jacques.core.rule_synthesizer:from_example:34 - Generated rule: <class 'src.jacques.core.rule.Rule'>
	sort by <LST0> ascending
	<PIPE>.sort(<LST0>, ascending=[True])
2022-11-19 14:48:02.605 | INFO     | src.jacques.core.rule_synthesizer:from_example:34 - Generated rule: <class 'src.jacques.core.rule.Rule'>
	show
	<PIPE>.show()
2022-11-19 14:48:02.609 | INFO     | src.jacques.core.jacques:_add_to_ruleset:110 - Conditional rule: <class 'src.jacques.core.rule.ConditionalRule'>
	sort by <LST0> <CHO0>
	<PIPE>.sort(<LST0>, ascending=[False])
	<PIPE>.sort(<LST0>, ascending=[True])
2022-11-19 14:48:02.670 | INFO     | src.jacques.core.rule_synthesizer:from_example:34 - Generated rule: <class 'src.jacques.core.rule.Rule'>
	drop columns <LST0>
	<PIPE>.drop(<LST0>)
2022-11-19 14:48:02.674 | INFO     | src.jacques.core.rule_synthesizer:from_example:34 - Generated rule: <class 'src.jacques.core.rule.Rule'>
	describe
	<PIPE>.describe()
2022-11-19 14:48:02.703 | INFO     | src.jacques.core.rule_synthesizer:from_example:34 - Generated rule: <class 'src.jacques.core.rule.Rule'>
	drop duplicates
	<PIPE>.dropDuplicates()
2022-11-19 14:48:02.746 | INFO     | src.jacques.core.rule_synthesizer:from_example:34 - Generated rule: <class 'src.jacques.core.rule.Rule'>
	difference <ARG0>
	<PIPE>.subtract(<ARG0>)
2022-11-19 14:48:02.750 | INFO     | src.jacques.core.rule_synthesizer:from_example:34 - Generated rule: <class 'src.jacques.core.rule.Rule'>
	append column <OPR0> as <ARG0>
	<PIPE>.withColumn(<ARG0>, <OPR0>)
2022-11-19 14:48:02.810 | INFO     | src.jacques.core.rule_synthesizer:from_example:34 - Generated rule: <class 'src.jacques.core.rule.Rule'>
	intersection <ARG0>
	<PIPE>.intersect(<ARG0>)
2022-11-19 14:48:03.229 | INFO     | src.jacques.core.rule_synthesizer:from_example:34 - Generated rule: <class 'src.jacques.core.rule.Rule'>
	load from <ARG0> as csv_with_header
	spark.read.format('csv').option('header', True).load(<ARG0>)
2022-11-19 14:48:03.233 | INFO     | src.jacques.core.rule_synthesizer:from_example:34 - Generated rule: <class 'src.jacques.core.rule.Rule'>
	apply <ARG0> on <ARG1> as <ARG2>
	<PIPE>.agg(<ARG0>(<ARG1>).alias(<ARG2>))
2022-11-19 14:48:03.281 | INFO     | src.jacques.core.rule_synthesizer:from_example:34 - Generated rule: <class 'src.jacques.core.rule.Rule'>
	create dataframe from <ARG0> with header <LST0>
	spark.createDataFrame(<ARG0>, schema=<LST0>)
2022-11-19 14:48:03.284 | INFO     | src.jacques.core.rule_synthesizer:from_example:34 - Generated rule: <class 'src.jacques.core.rule.Rule'>
	head <ARG0>
	<PIPE>.head(<ARG0>)
2022-11-19 14:48:03.348 | INFO     | src.jacques.core.rule_synthesizer:from_example:34 - Generated rule: <class 'src.jacques.core.rule.Rule'>
	replace <ARG0> with <ARG1>
	<PIPE>.replace(<ARG0>, <ARG1>)
2022-11-19 14:48:03.402 | INFO     | src.jacques.core.rule_synthesizer:from_example:34 - Generated rule: <class 'src.jacques.core.rule.Rule'>
	union <ARG0>
	<PIPE>.unionByName(<ARG0>)
2022-11-19 14:48:03.408 | INFO     | src.jacques.core.rule_synthesizer:from_example:34 - Generated rule: <class 'src.jacques.core.rule.Rule'>
	save to <ARG0> as <ARG1>
	<PIPE>.write.format(<ARG1>).save(<ARG0>)
2022-11-19 14:48:03.466 | INFO     | src.jacques.core.rule_synthesizer:from_example:34 - Generated rule: <class 'src.jacques.core.rule.Rule'>
	show schema
	<PIPE>.printSchema()
2022-11-19 14:48:03.560 | INFO     | src.jacques.core.rule_synthesizer:from_example:34 - Generated rule: <class 'src.jacques.core.rule.Rule'>
	group by <LST0>
	<PIPE>.groupBy(<LST0>)
2022-11-19 14:48:03.636 | INFO     | src.jacques.core.rule_synthesizer:from_example:34 - Generated rule: <class 'src.jacques.core.rule.Rule'>
	rename columns <ARG0> to <ARG1>
	<PIPE>.withColumnRenamed(<ARG0>, <ARG1>)
2022-11-19 14:48:03.886 | INFO     | src.jacques.core.jacques:process_all_examples:170 - 23 rules generated.
2022-11-19 14:48:03.887 | INFO     | src.jacques.core.jacques:process_all_examples:171 - Examples not exhausted: 0
2022-11-19 14:48:03.888 | INFO     | src.jacques.core.jacques:process_all_examples:174 - Excepted due to parsing errors: 0
2022-11-19 14:48:03.889 | INFO     | src.jacques.core.jacques:process_all_examples:177 - Rules:
2022-11-19 14:48:03.893 | INFO     | src.jacques.core.jacques:process_all_examples:179 - <class 'src.jacques.core.rule.ConditionalRule'>
	sort by <LST0> <CHO0>
	<PIPE>.sort(<LST0>, ascending=[False])
	<PIPE>.sort(<LST0>, ascending=[True])
2022-11-19 14:48:03.894 | INFO     | src.jacques.core.jacques:process_all_examples:179 - <class 'src.jacques.core.rule.Rule'>
	on <ARG0>
	<ARG0>
2022-11-19 14:48:03.895 | INFO     | src.jacques.core.jacques:process_all_examples:179 - <class 'src.jacques.core.rule.Rule'>
	select columns <LST0>
	<PIPE>.select(<LST0>)
2022-11-19 14:48:03.896 | INFO     | src.jacques.core.jacques:process_all_examples:179 - <class 'src.jacques.core.rule.Rule'>
	select rows <OPR0>
	<PIPE>.filter(<OPR0>)
2022-11-19 14:48:03.897 | INFO     | src.jacques.core.jacques:process_all_examples:179 - <class 'src.jacques.core.rule.Rule'>
	join <ARG0> <ARG1> on <LST0>
	<PIPE>.join(<ARG1>, on=<LST0>, how=<ARG0>)
2022-11-19 14:48:03.899 | INFO     | src.jacques.core.jacques:process_all_examples:179 - <class 'src.jacques.core.rule.Rule'>
	count
	<PIPE>.count()
2022-11-19 14:48:03.900 | INFO     | src.jacques.core.jacques:process_all_examples:179 - <class 'src.jacques.core.rule.Rule'>
	show
	<PIPE>.show()
2022-11-19 14:48:03.901 | INFO     | src.jacques.core.jacques:process_all_examples:179 - <class 'src.jacques.core.rule.Rule'>
	drop columns <LST0>
	<PIPE>.drop(<LST0>)
2022-11-19 14:48:03.902 | INFO     | src.jacques.core.jacques:process_all_examples:179 - <class 'src.jacques.core.rule.Rule'>
	describe
	<PIPE>.describe()
2022-11-19 14:48:03.903 | INFO     | src.jacques.core.jacques:process_all_examples:179 - <class 'src.jacques.core.rule.Rule'>
	drop duplicates
	<PIPE>.dropDuplicates()
2022-11-19 14:48:03.904 | INFO     | src.jacques.core.jacques:process_all_examples:179 - <class 'src.jacques.core.rule.Rule'>
	difference <ARG0>
	<PIPE>.subtract(<ARG0>)
2022-11-19 14:48:03.906 | INFO     | src.jacques.core.jacques:process_all_examples:179 - <class 'src.jacques.core.rule.Rule'>
	append column <OPR0> as <ARG0>
	<PIPE>.withColumn(<ARG0>, <OPR0>)
2022-11-19 14:48:03.908 | INFO     | src.jacques.core.jacques:process_all_examples:179 - <class 'src.jacques.core.rule.Rule'>
	intersection <ARG0>
	<PIPE>.intersect(<ARG0>)
2022-11-19 14:48:03.910 | INFO     | src.jacques.core.jacques:process_all_examples:179 - <class 'src.jacques.core.rule.Rule'>
	load from <ARG0> as csv_with_header
	spark.read.format('csv').option('header', True).load(<ARG0>)
2022-11-19 14:48:03.914 | INFO     | src.jacques.core.jacques:process_all_examples:179 - <class 'src.jacques.core.rule.Rule'>
	apply <ARG0> on <ARG1> as <ARG2>
	<PIPE>.agg(<ARG0>(<ARG1>).alias(<ARG2>))
2022-11-19 14:48:03.918 | INFO     | src.jacques.core.jacques:process_all_examples:179 - <class 'src.jacques.core.rule.Rule'>
	create dataframe from <ARG0> with header <LST0>
	spark.createDataFrame(<ARG0>, schema=<LST0>)
2022-11-19 14:48:03.919 | INFO     | src.jacques.core.jacques:process_all_examples:179 - <class 'src.jacques.core.rule.Rule'>
	head <ARG0>
	<PIPE>.head(<ARG0>)
2022-11-19 14:48:03.920 | INFO     | src.jacques.core.jacques:process_all_examples:179 - <class 'src.jacques.core.rule.Rule'>
	replace <ARG0> with <ARG1>
	<PIPE>.replace(<ARG0>, <ARG1>)
2022-11-19 14:48:03.922 | INFO     | src.jacques.core.jacques:process_all_examples:179 - <class 'src.jacques.core.rule.Rule'>
	union <ARG0>
	<PIPE>.unionByName(<ARG0>)
2022-11-19 14:48:03.926 | INFO     | src.jacques.core.jacques:process_all_examples:179 - <class 'src.jacques.core.rule.Rule'>
	save to <ARG0> as <ARG1>
	<PIPE>.write.format(<ARG1>).save(<ARG0>)
2022-11-19 14:48:03.927 | INFO     | src.jacques.core.jacques:process_all_examples:179 - <class 'src.jacques.core.rule.Rule'>
	show schema
	<PIPE>.printSchema()
2022-11-19 14:48:03.927 | INFO     | src.jacques.core.jacques:process_all_examples:179 - <class 'src.jacques.core.rule.Rule'>
	group by <LST0>
	<PIPE>.groupBy(<LST0>)
2022-11-19 14:48:03.929 | INFO     | src.jacques.core.jacques:process_all_examples:179 - <class 'src.jacques.core.rule.Rule'>
	rename columns <ARG0> to <ARG1>
	<PIPE>.withColumnRenamed(<ARG0>, <ARG1>)
2022-11-19 14:48:03.931 | INFO     | __main__:<module>:57 - Expected 2 options for rule 'save to', but it is not ConditionalRule
2022-11-19 14:48:03.935 | INFO     | __main__:<module>:57 - Expected 2 options for rule 'join', but it is not ConditionalRule
2022-11-19 14:48:03.936 | INFO     | __main__:<module>:57 - Expected 4 options for rule 'apply', but it is not ConditionalRule
